<?xml version="1.0" encoding="UTF-8"?>
<testng-results ignored="0" total="1" passed="1" failed="0" skipped="0">
  <reporter-output>
  </reporter-output>
  <suite started-at="2019-05-16T13:38:28Z" name="Default suite" finished-at="2019-05-16T13:38:43Z" duration-ms="15403">
    <groups>
    </groups>
    <test started-at="2019-05-16T13:38:28Z" name="Default test" finished-at="2019-05-16T13:38:43Z" duration-ms="15403">
      <class name="keywordDrivenTest.TestKeyword">
        <test-method signature="tc_01()[pri:0, instance:keywordDrivenTest.TestKeyword@5ace1ed4]" started-at="2019-05-16T13:38:28Z" name="tc_01" finished-at="2019-05-16T13:38:43Z" duration-ms="15366" status="PASS">
          <reporter-output>
          </reporter-output>
        </test-method> <!-- tc_01 -->
      </class> <!-- keywordDrivenTest.TestKeyword -->
    </test> <!-- Default test -->
  </suite> <!-- Default suite -->
</testng-results>
